<?xml version="1.0" encoding="UTF-8"?>
<testng-results skipped="0" failed="0" total="1" passed="1">
  <reporter-output>
  </reporter-output>
  <suite name="Default suite" duration-ms="6133" started-at="2019-10-14T09:06:41Z" finished-at="2019-10-14T09:06:47Z">
    <groups>
    </groups>
    <test name="Default test" duration-ms="6133" started-at="2019-10-14T09:06:41Z" finished-at="2019-10-14T09:06:47Z">
      <class name="Retweet">
        <test-method status="PASS" signature="tweet()[pri:0, instance:Retweet@73ad2d6]" name="tweet" duration-ms="6095" started-at="2019-10-14T14:36:41Z" finished-at="2019-10-14T14:36:47Z">
          <reporter-output>
          </reporter-output>
        </test-method> <!-- tweet -->
      </class> <!-- Retweet -->
    </test> <!-- Default test -->
  </suite> <!-- Default suite -->
</testng-results>
